0 info it worked if it ends with ok
1 verbose cli [ '/usr/local/Cellar/node/6.5.0/bin/node',
1 verbose cli   '/usr/local/bin/npm',
1 verbose cli   'publish' ]
2 info using npm@4.0.0
3 info using node@v6.5.0
4 verbose publish [ '.' ]
5 silly cache add args [ '.', null ]
6 verbose cache add spec .
7 silly cache add parsed spec Result {
7 silly cache add   raw: '.',
7 silly cache add   scope: null,
7 silly cache add   escapedName: null,
7 silly cache add   name: null,
7 silly cache add   rawSpec: '.',
7 silly cache add   spec: '/Users/adam/projects/ReactSelect',
7 silly cache add   type: 'directory' }
8 verbose addLocalDirectory /Users/adam/.npm/select-react-redux/1.1.10/package.tgz not in flight; packing
9 verbose correctMkdir /Users/adam/.npm correctMkdir not in flight; initializing
10 info lifecycle select-react-redux@1.1.10~prepublish: select-react-redux@1.1.10
11 warn lifecycle The node binary used for scripts is /usr/local/bin/node but npm is using /usr/local/Cellar/node/6.5.0/bin/node itself. Use the `--scripts-prepend-node-path` option to include the path for the node binary npm was executed with.
12 silly lifecycle select-react-redux@1.1.10~prepublish: no script for prepublish, continuing
13 info lifecycle select-react-redux@1.1.10~prepare: select-react-redux@1.1.10
14 silly lifecycle select-react-redux@1.1.10~prepare: no script for prepare, continuing
15 verbose tar pack [ '/Users/adam/.npm/select-react-redux/1.1.10/package.tgz',
15 verbose tar pack   '/Users/adam/projects/ReactSelect' ]
16 verbose tarball /Users/adam/.npm/select-react-redux/1.1.10/package.tgz
17 verbose folder /Users/adam/projects/ReactSelect
18 verbose addLocalTarball adding from inside cache /Users/adam/.npm/select-react-redux/1.1.10/package.tgz
19 verbose correctMkdir /Users/adam/.npm correctMkdir not in flight; initializing
20 silly cache afterAdd select-react-redux@1.1.10
21 verbose afterAdd /Users/adam/.npm/select-react-redux/1.1.10/package/package.json not in flight; writing
22 verbose correctMkdir /Users/adam/.npm correctMkdir not in flight; initializing
23 verbose afterAdd /Users/adam/.npm/select-react-redux/1.1.10/package/package.json written
24 silly publish { name: 'select-react-redux',
24 silly publish   version: '1.1.10',
24 silly publish   description: 'React Select',
24 silly publish   scripts:
24 silly publish    { test: 'echo "Error: no test specified" && exit 1',
24 silly publish      babel: 'rimraf lib && babel src/ -d lib/',
24 silly publish      publish: 'npm run babel && git add -A && git commit -m "deploy" && git push && npm-bump patch' },
24 silly publish   main: 'lib/Select.js',
24 silly publish   repository:
24 silly publish    { type: 'git',
24 silly publish      url: 'git+https://github.com/adamgajzlerowicz/ReactSelect.git' },
24 silly publish   homepage: 'https://github.com/adamgajzlerowicz/ReactSelect',
24 silly publish   keywords: [ 'select', 'react', 'redux', 'select2' ],
24 silly publish   author: { name: 'Adam Gajzlerowicz' },
24 silly publish   license: 'ISC',
24 silly publish   dependencies:
24 silly publish    { babel: '^6.5.2',
24 silly publish      radium: '^0.18.1',
24 silly publish      react: '^15.4.0',
24 silly publish      'react-dom': '^15.4.0',
24 silly publish      rifraf: '^2.0.3',
24 silly publish      'babel-cli': '^6.14.0',
24 silly publish      'babel-core': '^6.14.0',
24 silly publish      'babel-plugin-add-module-exports': '^0.2.0',
24 silly publish      'babel-plugin-transform-decorators-legacy': '^1.2.0',
24 silly publish      'babel-plugin-transform-es2015-modules-commonjs': '^6.7.4',
24 silly publish      'babel-preset-es2015': '^6.14.0',
24 silly publish      'babel-preset-react': '^6.11.1',
24 silly publish      'babel-preset-stage-1': '^6.3.13' },
24 silly publish   gitHead: '0308e513bb7533291d98101926ee2a7dc5d114c6',
24 silly publish   readme: '## ReactSelect\n\nA searchable select box, similar to select2.\n\nWhat is different about this plugin? It doesn\'t build an underlying select item, but acts like it. \nBehaviour and select action is to be passed as a prop, allowing full compatibility with redux.\n\nusage: \n\n```\nimport React from \'react\';\nimport {render} from \'react-dom\';\nimport {Select} from \'./Select\';\n\nconst items = {\n    \'item1\': \'Mercedes Benz C40\',\n    \'item2\': \'Mazda X11\',\n    \'item3\': \'Volvo V50\',\n    \'item4\': \'Audi 80\'\n};\n\nconst onChange = (val) => {\n    console.log(val);\n};\n\nrender((\n    <div>\n        <Select items={items} onChange={onChange}/>\n    </div>\n), document.getElementById(\'app_small\'));\n```',
24 silly publish   readmeFilename: 'README.md',
24 silly publish   bugs: { url: 'https://github.com/adamgajzlerowicz/ReactSelect/issues' },
24 silly publish   _id: 'select-react-redux@1.1.10',
24 silly publish   _shasum: '2e9ad8b7719e28612e47d49a3b124fa26df712ad',
24 silly publish   _from: '.' }
25 info lifecycle select-react-redux@1.1.10~prepublishOnly: select-react-redux@1.1.10
26 silly lifecycle select-react-redux@1.1.10~prepublishOnly: no script for prepublishOnly, continuing
27 verbose getPublishConfig undefined
28 silly mapToRegistry name select-react-redux
29 silly mapToRegistry using default registry
30 silly mapToRegistry registry https://registry.npmjs.org/
31 silly mapToRegistry data Result {
31 silly mapToRegistry   raw: 'select-react-redux',
31 silly mapToRegistry   scope: null,
31 silly mapToRegistry   escapedName: 'select-react-redux',
31 silly mapToRegistry   name: 'select-react-redux',
31 silly mapToRegistry   rawSpec: '',
31 silly mapToRegistry   spec: 'latest',
31 silly mapToRegistry   type: 'tag' }
32 silly mapToRegistry uri https://registry.npmjs.org/select-react-redux
33 verbose publish registryBase https://registry.npmjs.org/
34 silly publish uploading /Users/adam/.npm/select-react-redux/1.1.10/package.tgz
35 verbose request uri https://registry.npmjs.org/select-react-redux
36 verbose request sending authorization for write operation
37 info attempt registry request try #1 at 11:11:00 PM
38 verbose request using bearer token for auth
39 verbose request id 527b271cdf3781d6
40 http request PUT https://registry.npmjs.org/select-react-redux
41 http 200 https://registry.npmjs.org/select-react-redux
42 verbose headers { 'content-type': 'application/json',
42 verbose headers   'content-encoding': 'gzip',
42 verbose headers   'cache-control': 'max-age=300',
42 verbose headers   'transfer-encoding': 'chunked',
42 verbose headers   'accept-ranges': 'bytes',
42 verbose headers   date: 'Thu, 17 Nov 2016 22:11:05 GMT',
42 verbose headers   via: '1.1 varnish',
42 verbose headers   connection: 'keep-alive',
42 verbose headers   'x-served-by': 'cache-ams4437-AMS',
42 verbose headers   'x-cache': 'MISS',
42 verbose headers   'x-cache-hits': '0',
42 verbose headers   'x-timer': 'S1479420662.121003,VS0,VE3425',
42 verbose headers   vary: 'Accept-Encoding' }
43 verbose request invalidating /Users/adam/.npm/registry.npmjs.org/select-react-redux on PUT
44 info lifecycle select-react-redux@1.1.10~publish: select-react-redux@1.1.10
45 verbose lifecycle select-react-redux@1.1.10~publish: unsafe-perm in lifecycle true
46 verbose lifecycle select-react-redux@1.1.10~publish: PATH: /usr/local/lib/node_modules/npm/bin/node-gyp-bin:/Users/adam/projects/ReactSelect/node_modules/.bin:/usr/local/bin:/usr/bin:/bin:/usr/sbin:/sbin:/Applications/Firefox.app/Contents/MacOS
47 verbose lifecycle select-react-redux@1.1.10~publish: CWD: .
48 silly lifecycle select-react-redux@1.1.10~publish: Args: [ '-c',
48 silly lifecycle   'npm run babel && git add -A && git commit -m "deploy" && git push && npm-bump patch' ]
49 silly lifecycle select-react-redux@1.1.10~publish: Returned: code: 128  signal: null
50 info lifecycle select-react-redux@1.1.10~publish: Failed to exec publish script
51 verbose stack Error: select-react-redux@1.1.10 publish: `npm run babel && git add -A && git commit -m "deploy" && git push && npm-bump patch`
51 verbose stack Exit status 128
51 verbose stack     at EventEmitter.<anonymous> (/usr/local/lib/node_modules/npm/lib/utils/lifecycle.js:277:16)
51 verbose stack     at emitTwo (events.js:106:13)
51 verbose stack     at EventEmitter.emit (events.js:191:7)
51 verbose stack     at ChildProcess.<anonymous> (/usr/local/lib/node_modules/npm/lib/utils/spawn.js:40:14)
51 verbose stack     at emitTwo (events.js:106:13)
51 verbose stack     at ChildProcess.emit (events.js:191:7)
51 verbose stack     at maybeClose (internal/child_process.js:877:16)
51 verbose stack     at Process.ChildProcess._handle.onexit (internal/child_process.js:226:5)
52 verbose pkgid select-react-redux@1.1.10
53 verbose cwd /Users/adam/projects/ReactSelect
54 error Darwin 16.1.0
55 error argv "/usr/local/Cellar/node/6.5.0/bin/node" "/usr/local/bin/npm" "publish"
56 error node v6.5.0
57 error npm  v4.0.0
58 error code ELIFECYCLE
59 error select-react-redux@1.1.10 publish: `npm run babel && git add -A && git commit -m "deploy" && git push && npm-bump patch`
59 error Exit status 128
60 error Failed at the select-react-redux@1.1.10 publish script 'npm run babel && git add -A && git commit -m "deploy" && git push && npm-bump patch'.
60 error Make sure you have the latest version of node.js and npm installed.
60 error If you do, this is most likely a problem with the select-react-redux package,
60 error not with npm itself.
60 error Tell the author that this fails on your system:
60 error     npm run babel && git add -A && git commit -m "deploy" && git push && npm-bump patch
60 error You can get information on how to open an issue for this project with:
60 error     npm bugs select-react-redux
60 error Or if that isn't available, you can get their info via:
60 error     npm owner ls select-react-redux
60 error There is likely additional logging output above.
61 verbose exit [ 1, true ]
